====================
START BENCHMARK: benchmarks-master/comp/2018/PBE_Strings_Track/bikes_small.sl
END BENCHMARK: benchmarks-master/comp/2018/PBE_Strings_Track/bikes_small.sl
====================
====================
START BENCHMARK: benchmarks-master/comp/2018/PBE_Strings_Track/firstname-long.sl
Trying solver: LIA Unification
[ERROR]: UnsuitableSolverException LIA Unification Solver: Not LIA theory
Trying solver: STD Unification
[ERROR]: UnsuitableSolverException DT Unification Solver: Unable to decompose grammar
Trying solver: Classic Esolver
generator raised StopIteration
Trying solver: Memoryless Esolver
(define-fun f ((name String)) String
     (str.substr name 0 (str.indexof name " " 0)))
Time taken 0:01:36.893925
END BENCHMARK: benchmarks-master/comp/2018/PBE_Strings_Track/firstname-long.sl
====================
====================
START BENCHMARK: benchmarks-master/comp/2018/PBE_Strings_Track/initials_small.sl
END BENCHMARK: benchmarks-master/comp/2018/PBE_Strings_Track/initials_small.sl
====================
====================
START BENCHMARK: benchmarks-master/comp/2018/PBE_Strings_Track/name-combine-2-long-repeat.sl
END BENCHMARK: benchmarks-master/comp/2018/PBE_Strings_Track/name-combine-2-long-repeat.sl
====================
====================
START BENCHMARK: benchmarks-master/comp/2018/PBE_Strings_Track/name-combine-3_short.sl
Trying solver: LIA Unification
[ERROR]: UnsuitableSolverException LIA Unification Solver: Not LIA theory
Trying solver: STD Unification
[ERROR]: UnsuitableSolverException DT Unification Solver: Unable to decompose grammar
Trying solver: Classic Esolver
generator raised StopIteration
Trying solver: Memoryless Esolver
(define-fun f ((firstname String) (lastname String)) String
     (str.++ (str.++ (str.++ (str.at firstname 0) ".") " ") lastname))
Time taken 0:12:03.700248
END BENCHMARK: benchmarks-master/comp/2018/PBE_Strings_Track/name-combine-3_short.sl
====================
====================
START BENCHMARK: benchmarks-master/comp/2018/PBE_Strings_Track/name-combine-long-repeat.sl
Trying solver: LIA Unification
[ERROR]: UnsuitableSolverException LIA Unification Solver: Not LIA theory
Trying solver: STD Unification
[ERROR]: UnsuitableSolverException DT Unification Solver: Unable to decompose grammar
Trying solver: Classic Esolver
generator raised StopIteration
Trying solver: Memoryless Esolver
(define-fun f ((firstname String) (lastname String)) String
     (str.++ (str.++ firstname " ") lastname))
Time taken 0:00:28.988020
END BENCHMARK: benchmarks-master/comp/2018/PBE_Strings_Track/name-combine-long-repeat.sl
====================
====================
START BENCHMARK: benchmarks-master/comp/2018/PBE_Strings_Track/phone-10_short.sl
END BENCHMARK: benchmarks-master/comp/2018/PBE_Strings_Track/phone-10_short.sl
====================
====================
START BENCHMARK: benchmarks-master/comp/2018/PBE_Strings_Track/phone-2-long-repeat.sl
Trying solver: LIA Unification
[ERROR]: UnsuitableSolverException LIA Unification Solver: Not LIA theory
Trying solver: STD Unification
[ERROR]: UnsuitableSolverException DT Unification Solver: Unable to decompose grammar
Trying solver: Classic Esolver
generator raised StopIteration
Trying solver: Memoryless Esolver
(define-fun f ((name String)) String
     (str.substr name (+ 5 3) 3))
Time taken 0:00:42.325423
END BENCHMARK: benchmarks-master/comp/2018/PBE_Strings_Track/phone-2-long-repeat.sl
====================
====================
START BENCHMARK: benchmarks-master/comp/2018/PBE_Strings_Track/phone-3_short.sl
Trying solver: LIA Unification
[ERROR]: UnsuitableSolverException LIA Unification Solver: Not LIA theory
Trying solver: STD Unification
[ERROR]: UnsuitableSolverException DT Unification Solver: Unable to decompose grammar
Trying solver: Classic Esolver
generator raised StopIteration
Trying solver: Memoryless Esolver
(define-fun f ((name String)) String
     (str.++ "(" (str.replace name "-" (str.++ ")" " "))))
Time taken 0:13:01.203006
END BENCHMARK: benchmarks-master/comp/2018/PBE_Strings_Track/phone-3_short.sl
====================
====================
START BENCHMARK: benchmarks-master/comp/2018/PBE_Strings_Track/phone-5-long-repeat.sl
END BENCHMARK: benchmarks-master/comp/2018/PBE_Strings_Track/phone-5-long-repeat.sl
====================
====================
START BENCHMARK: benchmarks-master/comp/2018/PBE_Strings_Track/phone-6_short.sl
END BENCHMARK: benchmarks-master/comp/2018/PBE_Strings_Track/phone-6_short.sl
====================
====================
START BENCHMARK: benchmarks-master/comp/2018/PBE_Strings_Track/phone-8-long-repeat.sl
Trying solver: LIA Unification
[ERROR]: UnsuitableSolverException LIA Unification Solver: Not LIA theory
Trying solver: STD Unification
[ERROR]: UnsuitableSolverException DT Unification Solver: Unable to decompose grammar
Trying solver: Classic Esolver
generator raised StopIteration
Trying solver: Memoryless Esolver
(define-fun f ((name String)) String
     (str.substr name (- (str.len name) 3) 3))
Time taken 0:18:05.957880
END BENCHMARK: benchmarks-master/comp/2018/PBE_Strings_Track/phone-8-long-repeat.sl
====================
====================
START BENCHMARK: benchmarks-master/comp/2018/PBE_Strings_Track/phone-9_short.sl
END BENCHMARK: benchmarks-master/comp/2018/PBE_Strings_Track/phone-9_short.sl
====================
====================
START BENCHMARK: benchmarks-master/comp/2018/PBE_Strings_Track/reverse-name-long-repeat.sl
Trying solver: LIA Unification
[ERROR]: UnsuitableSolverException LIA Unification Solver: Not LIA theory
Trying solver: STD Unification
[ERROR]: UnsuitableSolverException DT Unification Solver: Unable to decompose grammar
Trying solver: Classic Esolver
generator raised StopIteration
Trying solver: Memoryless Esolver
(define-fun f ((firstname String) (lastname String)) String
     (str.++ (str.++ lastname " ") firstname))
Time taken 0:00:03.567493
END BENCHMARK: benchmarks-master/comp/2018/PBE_Strings_Track/reverse-name-long-repeat.sl
====================
====================
START BENCHMARK: benchmarks-master/comp/2018/PBE_Strings_Track/univ_1_short.sl
Trying solver: LIA Unification
[ERROR]: UnsuitableSolverException LIA Unification Solver: Not LIA theory
Trying solver: STD Unification
[ERROR]: UnsuitableSolverException DT Unification Solver: Unable to decompose grammar
Trying solver: Classic Esolver
generator raised StopIteration
Trying solver: Memoryless Esolver
(define-fun f ((col1 String) (col2 String)) String
     (str.++ (str.++ (str.++ col1 ",") " ") col2))
Time taken 0:00:19.198000
END BENCHMARK: benchmarks-master/comp/2018/PBE_Strings_Track/univ_1_short.sl
====================
====================
START BENCHMARK: benchmarks-master/comp/2018/PBE_Strings_Track/univ_3-long-repeat.sl
END BENCHMARK: benchmarks-master/comp/2018/PBE_Strings_Track/univ_3-long-repeat.sl
====================
====================
START BENCHMARK: benchmarks-master/comp/2018/PBE_Strings_Track/univ_4_short.sl
END BENCHMARK: benchmarks-master/comp/2018/PBE_Strings_Track/univ_4_short.sl
====================
====================
START BENCHMARK: benchmarks-master/comp/2018/PBE_Strings_Track/univ_6-long-repeat.sl
END BENCHMARK: benchmarks-master/comp/2018/PBE_Strings_Track/univ_6-long-repeat.sl
====================
