====================
START BENCHMARK: benchmarks-master/comp/2018/PBE_Strings_Track/dr-name-long-repeat.sl
END BENCHMARK: benchmarks-master/comp/2018/PBE_Strings_Track/dr-name-long-repeat.sl
====================
====================
START BENCHMARK: benchmarks-master/comp/2018/PBE_Strings_Track/firstname.sl
Trying solver: LIA Unification
[ERROR]: UnsuitableSolverException LIA Unification Solver: Not LIA theory
Trying solver: STD Unification
[ERROR]: UnsuitableSolverException DT Unification Solver: Unable to decompose grammar
Trying solver: Classic Esolver
generator raised StopIteration
Trying solver: Memoryless Esolver
(define-fun f ((name String)) String
     (str.substr name 0 (str.indexof name " " 0)))
Time taken 0:01:31.366398
END BENCHMARK: benchmarks-master/comp/2018/PBE_Strings_Track/firstname.sl
====================
====================
START BENCHMARK: benchmarks-master/comp/2018/PBE_Strings_Track/lastname-long-repeat.sl
END BENCHMARK: benchmarks-master/comp/2018/PBE_Strings_Track/lastname-long-repeat.sl
====================
====================
START BENCHMARK: benchmarks-master/comp/2018/PBE_Strings_Track/name-combine-2-long.sl
END BENCHMARK: benchmarks-master/comp/2018/PBE_Strings_Track/name-combine-2-long.sl
====================
====================
START BENCHMARK: benchmarks-master/comp/2018/PBE_Strings_Track/name-combine-3.sl
END BENCHMARK: benchmarks-master/comp/2018/PBE_Strings_Track/name-combine-3.sl
====================
====================
START BENCHMARK: benchmarks-master/comp/2018/PBE_Strings_Track/name-combine-long.sl
Trying solver: LIA Unification
[ERROR]: UnsuitableSolverException LIA Unification Solver: Not LIA theory
Trying solver: STD Unification
[ERROR]: UnsuitableSolverException DT Unification Solver: Unable to decompose grammar
Trying solver: Classic Esolver
generator raised StopIteration
Trying solver: Memoryless Esolver
(define-fun f ((firstname String) (lastname String)) String
     (str.++ (str.++ firstname " ") lastname))
Time taken 0:00:11.250456
END BENCHMARK: benchmarks-master/comp/2018/PBE_Strings_Track/name-combine-long.sl
====================
====================
START BENCHMARK: benchmarks-master/comp/2018/PBE_Strings_Track/phone-10.sl
END BENCHMARK: benchmarks-master/comp/2018/PBE_Strings_Track/phone-10.sl
====================
====================
START BENCHMARK: benchmarks-master/comp/2018/PBE_Strings_Track/phone-2-long.sl
Trying solver: LIA Unification
[ERROR]: UnsuitableSolverException LIA Unification Solver: Not LIA theory
Trying solver: STD Unification
[ERROR]: UnsuitableSolverException DT Unification Solver: Unable to decompose grammar
Trying solver: Classic Esolver
generator raised StopIteration
Trying solver: Memoryless Esolver
(define-fun f ((name String)) String
     (str.substr name (+ 5 3) 3))
Time taken 0:00:34.550284
END BENCHMARK: benchmarks-master/comp/2018/PBE_Strings_Track/phone-2-long.sl
====================
====================
START BENCHMARK: benchmarks-master/comp/2018/PBE_Strings_Track/phone-3.sl
Trying solver: LIA Unification
[ERROR]: UnsuitableSolverException LIA Unification Solver: Not LIA theory
Trying solver: STD Unification
[ERROR]: UnsuitableSolverException DT Unification Solver: Unable to decompose grammar
Trying solver: Classic Esolver
generator raised StopIteration
Trying solver: Memoryless Esolver
(define-fun f ((name String)) String
     (str.++ "(" (str.replace name "-" (str.++ ")" " "))))
Time taken 0:26:00.092502
END BENCHMARK: benchmarks-master/comp/2018/PBE_Strings_Track/phone-3.sl
====================
====================
START BENCHMARK: benchmarks-master/comp/2018/PBE_Strings_Track/phone-5-long.sl
END BENCHMARK: benchmarks-master/comp/2018/PBE_Strings_Track/phone-5-long.sl
====================
====================
START BENCHMARK: benchmarks-master/comp/2018/PBE_Strings_Track/phone-6.sl
END BENCHMARK: benchmarks-master/comp/2018/PBE_Strings_Track/phone-6.sl
====================
====================
START BENCHMARK: benchmarks-master/comp/2018/PBE_Strings_Track/phone-8-long.sl
Trying solver: LIA Unification
[ERROR]: UnsuitableSolverException LIA Unification Solver: Not LIA theory
Trying solver: STD Unification
[ERROR]: UnsuitableSolverException DT Unification Solver: Unable to decompose grammar
Trying solver: Classic Esolver
generator raised StopIteration
Trying solver: Memoryless Esolver
(define-fun f ((name String)) String
     (str.substr name (- (str.len name) 3) 3))
Time taken 0:17:49.942176
END BENCHMARK: benchmarks-master/comp/2018/PBE_Strings_Track/phone-8-long.sl
====================
====================
START BENCHMARK: benchmarks-master/comp/2018/PBE_Strings_Track/phone-9.sl
END BENCHMARK: benchmarks-master/comp/2018/PBE_Strings_Track/phone-9.sl
====================
====================
START BENCHMARK: benchmarks-master/comp/2018/PBE_Strings_Track/reverse-name-long.sl
Trying solver: LIA Unification
[ERROR]: UnsuitableSolverException LIA Unification Solver: Not LIA theory
Trying solver: STD Unification
[ERROR]: UnsuitableSolverException DT Unification Solver: Unable to decompose grammar
Trying solver: Classic Esolver
generator raised StopIteration
Trying solver: Memoryless Esolver
(define-fun f ((firstname String) (lastname String)) String
     (str.++ (str.++ lastname " ") firstname))
Time taken 0:00:01.517703
END BENCHMARK: benchmarks-master/comp/2018/PBE_Strings_Track/reverse-name-long.sl
====================
====================
START BENCHMARK: benchmarks-master/comp/2018/PBE_Strings_Track/univ_1.sl
Trying solver: LIA Unification
[ERROR]: UnsuitableSolverException LIA Unification Solver: Not LIA theory
Trying solver: STD Unification
[ERROR]: UnsuitableSolverException DT Unification Solver: Unable to decompose grammar
Trying solver: Classic Esolver
generator raised StopIteration
Trying solver: Memoryless Esolver
(define-fun f ((col1 String) (col2 String)) String
     (str.++ (str.++ (str.++ col1 ",") " ") col2))
Time taken 0:00:36.005074
END BENCHMARK: benchmarks-master/comp/2018/PBE_Strings_Track/univ_1.sl
====================
====================
START BENCHMARK: benchmarks-master/comp/2018/PBE_Strings_Track/univ_3-long.sl
END BENCHMARK: benchmarks-master/comp/2018/PBE_Strings_Track/univ_3-long.sl
====================
====================
START BENCHMARK: benchmarks-master/comp/2018/PBE_Strings_Track/univ_4.sl
END BENCHMARK: benchmarks-master/comp/2018/PBE_Strings_Track/univ_4.sl
====================
====================
START BENCHMARK: benchmarks-master/comp/2018/PBE_Strings_Track/univ_6-long.sl
END BENCHMARK: benchmarks-master/comp/2018/PBE_Strings_Track/univ_6-long.sl
====================
