====================
START BENCHMARK: benchmarks-master/comp/2018/PBE_Strings_Track/bikes-long-repeat.sl
Trying solver: LIA Unification
[ERROR]: UnsuitableSolverException LIA Unification Solver: Not LIA theory
Trying solver: STD Unification
[ERROR]: UnsuitableSolverException DT Unification Solver: Unable to decompose grammar
Trying solver: Classic Esolver
generator raised StopIteration
Trying solver: Memoryless Esolver
(define-fun f ((name String)) String
     (str.substr name 0 (- (str.len name) 3)))
Time taken 0:01:04.805058
END BENCHMARK: benchmarks-master/comp/2018/PBE_Strings_Track/bikes-long-repeat.sl
====================
====================
START BENCHMARK: benchmarks-master/comp/2018/PBE_Strings_Track/dr-name.sl
END BENCHMARK: benchmarks-master/comp/2018/PBE_Strings_Track/dr-name.sl
====================
====================
START BENCHMARK: benchmarks-master/comp/2018/PBE_Strings_Track/initials-long-repeat.sl
END BENCHMARK: benchmarks-master/comp/2018/PBE_Strings_Track/initials-long-repeat.sl
====================
====================
START BENCHMARK: benchmarks-master/comp/2018/PBE_Strings_Track/lastname.sl
END BENCHMARK: benchmarks-master/comp/2018/PBE_Strings_Track/lastname.sl
====================
====================
START BENCHMARK: benchmarks-master/comp/2018/PBE_Strings_Track/name-combine-2.sl
Trying solver: LIA Unification
[ERROR]: UnsuitableSolverException LIA Unification Solver: Not LIA theory
Trying solver: STD Unification
[ERROR]: UnsuitableSolverException DT Unification Solver: Unable to decompose grammar
Trying solver: Classic Esolver
generator raised StopIteration
Trying solver: Memoryless Esolver
(define-fun f ((firstname String) (lastname String)) String
     (str.++ (str.++ (str.++ firstname " ") (str.at lastname 0)) "."))
Time taken 0:16:14.353303
END BENCHMARK: benchmarks-master/comp/2018/PBE_Strings_Track/name-combine-2.sl
====================
====================
START BENCHMARK: benchmarks-master/comp/2018/PBE_Strings_Track/name-combine-4-long.sl
END BENCHMARK: benchmarks-master/comp/2018/PBE_Strings_Track/name-combine-4-long.sl
====================
====================
START BENCHMARK: benchmarks-master/comp/2018/PBE_Strings_Track/name-combine.sl
Trying solver: LIA Unification
[ERROR]: UnsuitableSolverException LIA Unification Solver: Not LIA theory
Trying solver: STD Unification
[ERROR]: UnsuitableSolverException DT Unification Solver: Unable to decompose grammar
Trying solver: Classic Esolver
generator raised StopIteration
Trying solver: Memoryless Esolver
(define-fun f ((firstname String) (lastname String)) String
     (str.++ (str.++ firstname " ") lastname))
Time taken 0:00:04.133573
END BENCHMARK: benchmarks-master/comp/2018/PBE_Strings_Track/name-combine.sl
====================
====================
START BENCHMARK: benchmarks-master/comp/2018/PBE_Strings_Track/phone-1-long.sl
Trying solver: LIA Unification
[ERROR]: UnsuitableSolverException LIA Unification Solver: Not LIA theory
Trying solver: STD Unification
[ERROR]: UnsuitableSolverException DT Unification Solver: Unable to decompose grammar
Trying solver: Classic Esolver
generator raised StopIteration
Trying solver: Memoryless Esolver
(define-fun f ((name String)) String
     (str.substr name 4 3))
Time taken 0:00:13.382404
END BENCHMARK: benchmarks-master/comp/2018/PBE_Strings_Track/phone-1-long.sl
====================
====================
START BENCHMARK: benchmarks-master/comp/2018/PBE_Strings_Track/phone-2.sl
Trying solver: LIA Unification
[ERROR]: UnsuitableSolverException LIA Unification Solver: Not LIA theory
Trying solver: STD Unification
[ERROR]: UnsuitableSolverException DT Unification Solver: Unable to decompose grammar
Trying solver: Classic Esolver
generator raised StopIteration
Trying solver: Memoryless Esolver
(define-fun f ((name String)) String
     (str.substr name (+ 5 3) 3))
Time taken 0:00:45.016879
END BENCHMARK: benchmarks-master/comp/2018/PBE_Strings_Track/phone-2.sl
====================
====================
START BENCHMARK: benchmarks-master/comp/2018/PBE_Strings_Track/phone-4-long.sl
Trying solver: LIA Unification
[ERROR]: UnsuitableSolverException LIA Unification Solver: Not LIA theory
Trying solver: STD Unification
[ERROR]: UnsuitableSolverException DT Unification Solver: Unable to decompose grammar
Trying solver: Classic Esolver
generator raised StopIteration
Trying solver: Memoryless Esolver
(define-fun f ((name String)) String
     (str.replace (str.replace name "-" ".") "-" "."))
Time taken 0:10:19.402977
END BENCHMARK: benchmarks-master/comp/2018/PBE_Strings_Track/phone-4-long.sl
====================
====================
START BENCHMARK: benchmarks-master/comp/2018/PBE_Strings_Track/phone-5.sl
END BENCHMARK: benchmarks-master/comp/2018/PBE_Strings_Track/phone-5.sl
====================
====================
START BENCHMARK: benchmarks-master/comp/2018/PBE_Strings_Track/phone-7-long.sl
END BENCHMARK: benchmarks-master/comp/2018/PBE_Strings_Track/phone-7-long.sl
====================
====================
START BENCHMARK: benchmarks-master/comp/2018/PBE_Strings_Track/phone-8.sl
Trying solver: LIA Unification
[ERROR]: UnsuitableSolverException LIA Unification Solver: Not LIA theory
Trying solver: STD Unification
[ERROR]: UnsuitableSolverException DT Unification Solver: Unable to decompose grammar
Trying solver: Classic Esolver
generator raised StopIteration
Trying solver: Memoryless Esolver
(define-fun f ((name String)) String
     (str.substr name (- (str.len name) 3) 3))
Time taken 0:15:13.439338
END BENCHMARK: benchmarks-master/comp/2018/PBE_Strings_Track/phone-8.sl
====================
====================
START BENCHMARK: benchmarks-master/comp/2018/PBE_Strings_Track/phone-long.sl
Trying solver: LIA Unification
[ERROR]: UnsuitableSolverException LIA Unification Solver: Not LIA theory
Trying solver: STD Unification
[ERROR]: UnsuitableSolverException DT Unification Solver: Unable to decompose grammar
Trying solver: Classic Esolver
generator raised StopIteration
Trying solver: Memoryless Esolver
(define-fun f ((name String)) String
     (str.substr name 0 3))
Time taken 0:00:02.145427
END BENCHMARK: benchmarks-master/comp/2018/PBE_Strings_Track/phone-long.sl
====================
====================
START BENCHMARK: benchmarks-master/comp/2018/PBE_Strings_Track/reverse-name.sl
Trying solver: LIA Unification
[ERROR]: UnsuitableSolverException LIA Unification Solver: Not LIA theory
Trying solver: STD Unification
[ERROR]: UnsuitableSolverException DT Unification Solver: Unable to decompose grammar
Trying solver: Classic Esolver
generator raised StopIteration
Trying solver: Memoryless Esolver
(define-fun f ((firstname String) (lastname String)) String
     (str.++ (str.++ lastname " ") firstname))
Time taken 0:00:04.128240
END BENCHMARK: benchmarks-master/comp/2018/PBE_Strings_Track/reverse-name.sl
====================
====================
START BENCHMARK: benchmarks-master/comp/2018/PBE_Strings_Track/univ_2-long.sl
END BENCHMARK: benchmarks-master/comp/2018/PBE_Strings_Track/univ_2-long.sl
====================
====================
START BENCHMARK: benchmarks-master/comp/2018/PBE_Strings_Track/univ_3.sl
END BENCHMARK: benchmarks-master/comp/2018/PBE_Strings_Track/univ_3.sl
====================
====================
START BENCHMARK: benchmarks-master/comp/2018/PBE_Strings_Track/univ_5-long.sl
END BENCHMARK: benchmarks-master/comp/2018/PBE_Strings_Track/univ_5-long.sl
====================
====================
START BENCHMARK: benchmarks-master/comp/2018/PBE_Strings_Track/univ_6.sl
END BENCHMARK: benchmarks-master/comp/2018/PBE_Strings_Track/univ_6.sl
====================
