====================
START BENCHMARK: benchmarks-master/comp/2018/PBE_Strings_Track/bikes.sl
Trying solver: LIA Unification
[ERROR]: UnsuitableSolverException LIA Unification Solver: Not LIA theory
Trying solver: STD Unification
[ERROR]: UnsuitableSolverException DT Unification Solver: Unable to decompose grammar
Trying solver: Classic Esolver
generator raised StopIteration
Trying solver: Memoryless Esolver
(define-fun f ((name String)) String
     (str.substr name 0 (- (str.len name) 3)))
Time taken 0:01:04.624741
END BENCHMARK: benchmarks-master/comp/2018/PBE_Strings_Track/bikes.sl
====================
====================
START BENCHMARK: benchmarks-master/comp/2018/PBE_Strings_Track/firstname-long-repeat.sl
Trying solver: LIA Unification
[ERROR]: UnsuitableSolverException LIA Unification Solver: Not LIA theory
Trying solver: STD Unification
[ERROR]: UnsuitableSolverException DT Unification Solver: Unable to decompose grammar
Trying solver: Classic Esolver
generator raised StopIteration
Trying solver: Memoryless Esolver
(define-fun f ((name String)) String
     (str.substr name 0 (str.indexof name " " 0)))
Time taken 0:01:51.533265
END BENCHMARK: benchmarks-master/comp/2018/PBE_Strings_Track/firstname-long-repeat.sl
====================
====================
START BENCHMARK: benchmarks-master/comp/2018/PBE_Strings_Track/initials.sl
END BENCHMARK: benchmarks-master/comp/2018/PBE_Strings_Track/initials.sl
====================
====================
START BENCHMARK: benchmarks-master/comp/2018/PBE_Strings_Track/max3.sl
Trying solver: LIA Unification
(define-fun max3 ((x Int) (y Int) (z Int)) Int
     (ite (and (>= x y) (>= x z)) x (ite (and (>= y x) (>= y z)) y z)))
Time taken 0:00:16.086539
END BENCHMARK: benchmarks-master/comp/2018/PBE_Strings_Track/max3.sl
====================
====================
START BENCHMARK: benchmarks-master/comp/2018/PBE_Strings_Track/name-combine-3-long.sl
END BENCHMARK: benchmarks-master/comp/2018/PBE_Strings_Track/name-combine-3-long.sl
====================
====================
START BENCHMARK: benchmarks-master/comp/2018/PBE_Strings_Track/name-combine-4.sl
END BENCHMARK: benchmarks-master/comp/2018/PBE_Strings_Track/name-combine-4.sl
====================
====================
START BENCHMARK: benchmarks-master/comp/2018/PBE_Strings_Track/phone-10-long.sl
END BENCHMARK: benchmarks-master/comp/2018/PBE_Strings_Track/phone-10-long.sl
====================
====================
START BENCHMARK: benchmarks-master/comp/2018/PBE_Strings_Track/phone-1.sl
Trying solver: LIA Unification
[ERROR]: UnsuitableSolverException LIA Unification Solver: Not LIA theory
Trying solver: STD Unification
[ERROR]: UnsuitableSolverException DT Unification Solver: Unable to decompose grammar
Trying solver: Classic Esolver
generator raised StopIteration
Trying solver: Memoryless Esolver
(define-fun f ((name String)) String
     (str.substr name 4 3))
Time taken 0:00:03.809305
END BENCHMARK: benchmarks-master/comp/2018/PBE_Strings_Track/phone-1.sl
====================
====================
START BENCHMARK: benchmarks-master/comp/2018/PBE_Strings_Track/phone-3-long.sl
Trying solver: LIA Unification
[ERROR]: UnsuitableSolverException LIA Unification Solver: Not LIA theory
Trying solver: STD Unification
[ERROR]: UnsuitableSolverException DT Unification Solver: Unable to decompose grammar
Trying solver: Classic Esolver
generator raised StopIteration
Trying solver: Memoryless Esolver
(define-fun f ((name String)) String
     (str.++ "(" (str.replace name "-" (str.++ ")" " "))))
Time taken 0:26:03.390223
END BENCHMARK: benchmarks-master/comp/2018/PBE_Strings_Track/phone-3-long.sl
====================
====================
START BENCHMARK: benchmarks-master/comp/2018/PBE_Strings_Track/phone-4.sl
Trying solver: LIA Unification
[ERROR]: UnsuitableSolverException LIA Unification Solver: Not LIA theory
Trying solver: STD Unification
[ERROR]: UnsuitableSolverException DT Unification Solver: Unable to decompose grammar
Trying solver: Classic Esolver
generator raised StopIteration
Trying solver: Memoryless Esolver
(define-fun f ((name String)) String
     (str.replace (str.replace name "-" ".") "-" "."))
Time taken 0:09:56.253676
END BENCHMARK: benchmarks-master/comp/2018/PBE_Strings_Track/phone-4.sl
====================
====================
START BENCHMARK: benchmarks-master/comp/2018/PBE_Strings_Track/phone-6-long.sl
END BENCHMARK: benchmarks-master/comp/2018/PBE_Strings_Track/phone-6-long.sl
====================
====================
START BENCHMARK: benchmarks-master/comp/2018/PBE_Strings_Track/phone-7.sl
END BENCHMARK: benchmarks-master/comp/2018/PBE_Strings_Track/phone-7.sl
====================
====================
START BENCHMARK: benchmarks-master/comp/2018/PBE_Strings_Track/phone-9-long.sl
END BENCHMARK: benchmarks-master/comp/2018/PBE_Strings_Track/phone-9-long.sl
====================
====================
START BENCHMARK: benchmarks-master/comp/2018/PBE_Strings_Track/phone.sl
Trying solver: LIA Unification
[ERROR]: UnsuitableSolverException LIA Unification Solver: Not LIA theory
Trying solver: STD Unification
[ERROR]: UnsuitableSolverException DT Unification Solver: Unable to decompose grammar
Trying solver: Classic Esolver
generator raised StopIteration
Trying solver: Memoryless Esolver
(define-fun f ((name String)) String
     (str.substr name 0 3))
Time taken 0:00:00.420209
END BENCHMARK: benchmarks-master/comp/2018/PBE_Strings_Track/phone.sl
====================
====================
START BENCHMARK: benchmarks-master/comp/2018/PBE_Strings_Track/univ_1-long.sl
Trying solver: LIA Unification
[ERROR]: UnsuitableSolverException LIA Unification Solver: Not LIA theory
Trying solver: STD Unification
[ERROR]: UnsuitableSolverException DT Unification Solver: Unable to decompose grammar
Trying solver: Classic Esolver
generator raised StopIteration
Trying solver: Memoryless Esolver
(define-fun f ((col1 String) (col2 String)) String
     (str.++ (str.++ (str.++ col1 ",") " ") col2))
Time taken 0:00:37.765865
END BENCHMARK: benchmarks-master/comp/2018/PBE_Strings_Track/univ_1-long.sl
====================
====================
START BENCHMARK: benchmarks-master/comp/2018/PBE_Strings_Track/univ_2.sl
END BENCHMARK: benchmarks-master/comp/2018/PBE_Strings_Track/univ_2.sl
====================
====================
START BENCHMARK: benchmarks-master/comp/2018/PBE_Strings_Track/univ_4-long.sl
END BENCHMARK: benchmarks-master/comp/2018/PBE_Strings_Track/univ_4-long.sl
====================
====================
START BENCHMARK: benchmarks-master/comp/2018/PBE_Strings_Track/univ_5.sl
END BENCHMARK: benchmarks-master/comp/2018/PBE_Strings_Track/univ_5.sl
====================
